2019-05-23 16:02:23.670 Connect to EV3[51686:1548480] Could not connect action, target class ViewController does not respond to -Btn_Reset_A_Pushed:
2019-05-23 16:02:23.670 Connect to EV3[51686:1548480] Could not connect action, target class ViewController does not respond to -Stepper_D_Pushed:
2019-05-23 16:02:23.670 Connect to EV3[51686:1548480] Could not connect action, target class ViewController does not respond to -Stepper_3_Pushed:
2019-05-23 16:02:23.670 Connect to EV3[51686:1548480] Could not connect action, target class ViewController does not respond to -ComboBox_A_Selected:
2019-05-23 16:02:23.671 Connect to EV3[51686:1548480] Could not connect action, target class ViewController does not respond to -Stepper_C_Pushed:
2019-05-23 16:02:23.671 Connect to EV3[51686:1548480] Could not connect action, target class ViewController does not respond to -ComboBox_D_Selected:
2019-05-23 16:02:23.671 Connect to EV3[51686:1548480] Could not connect action, target class ViewController does not respond to -Btn_Reset_B_Pushed:
2019-05-23 16:02:23.671 Connect to EV3[51686:1548480] Could not connect action, target class ViewController does not respond to -Stepper_A_Pushed:
2019-05-23 16:02:23.671 Connect to EV3[51686:1548480] Could not connect action, target class ViewController does not respond to -ComboBox_B_Selected:
2019-05-23 16:02:23.671 Connect to EV3[51686:1548480] Could not connect action, target class ViewController does not respond to -ComboBox_3_Selected:
2019-05-23 16:02:23.671 Connect to EV3[51686:1548480] Could not connect action, target class ViewController does not respond to -Stepper_B_Pushed:
2019-05-23 16:02:23.671 Connect to EV3[51686:1548480] Could not connect action, target class ViewController does not respond to -ComboBox_4_Selected:
2019-05-23 16:02:23.671 Connect to EV3[51686:1548480] Could not connect action, target class ViewController does not respond to -Btn_Reset_2_Pushed:
2019-05-23 16:02:23.671 Connect to EV3[51686:1548480] Could not connect action, target class ViewController does not respond to -Btn_Reset_4_Pushed:
2019-05-23 16:02:23.672 Connect to EV3[51686:1548480] Could not connect action, target class ViewController does not respond to -Btn_Reset_3_Pushed:
2019-05-23 16:02:23.672 Connect to EV3[51686:1548480] Could not connect action, target class ViewController does not respond to -Stepper_2_Pushed:
2019-05-23 16:02:23.672 Connect to EV3[51686:1548480] Could not connect action, target class ViewController does not respond to -Btn_Reset_1_Pushed:
2019-05-23 16:02:23.672 Connect to EV3[51686:1548480] Could not connect action, target class ViewController does not respond to -Stepper_4_Pushed:
2019-05-23 16:02:23.672 Connect to EV3[51686:1548480] Could not connect action, target class ViewController does not respond to -Btn_Reset_D_Pushed:
2019-05-23 16:02:23.672 Connect to EV3[51686:1548480] Could not connect action, target class ViewController does not respond to -ComboBox_2_Selected:
2019-05-23 16:02:23.672 Connect to EV3[51686:1548480] Could not connect action, target class ViewController does not respond to -ComboBox_C_Selected:
2019-05-23 16:02:23.672 Connect to EV3[51686:1548480] Could not connect action, target class ViewController does not respond to -Btn_Reset_C_Pushed:
